<?xml version="1.0" encoding="UTF-8"?>
<!-- Generated by org.testng.reporters.JUnitReportReporter -->
<testsuite hostname="DESKTOP-UDJP242" failures="0" tests="1" name="com.juaracoding.pageobject.hooks.TestHooksRunner" time="63.900" errors="0" timestamp="2022-08-31T17:37:11 WIB" skipped="0">
  <testcase classname="com.juaracoding.pageobject.hooks.TestHooksRunner" name="runScenario" time="63.900"/>
  <system-out/>
</testsuite> <!-- com.juaracoding.pageobject.hooks.TestHooksRunner -->
