<?xml version="1.0" encoding="UTF-8"?>
<!-- Generated by org.testng.reporters.JUnitReportReporter -->
<testsuite hostname="DESKTOP-UDJP242" failures="0" tests="2" name="com.juaracoding.pageobject.TestSearch" time="6.467" errors="0" timestamp="2022-08-24T19:19:41 WIB" skipped="0">
  <testcase classname="com.juaracoding.pageobject.TestSearch" name="testsearch" time="4.691"/>
  <system-out/>
  <testcase classname="com.juaracoding.pageobject.TestSearch" name="searcherror" time="1.776"/>
  <system-out/>
</testsuite> <!-- com.juaracoding.pageobject.TestSearch -->
